[www.gessicon.com/index.html]
[www.gessicon.com/favicon.png]
[backblue.gif]
[fade.gif]
[index.html]
[www.gessicon.com/img/header/logo.png]
[www.gessicon.com/en.html]
[use.fontawesome.com/releases/v5.4.2/css/all.css]
[www.gessicon.com/css/resetb6eb.css]
[www.gessicon.com/css/fuentesb6eb.css]
[www.gessicon.com/css/estiloCookiesb6eb.css]
[www.gessicon.com/css/estilob6eb.css]
[www.gessicon.com/buscadorareas/styleb6eb.css]
[www.gessicon.com/buscadorareas/componentes-v3-externob6eb.css]
[www.gessicon.com/css/modulo-disenyadoinmovilla-1b6eb.css]
[use.fontawesome.com/releases/v5.15.0/css/all.css]
[www.gessicon.com/css/modulo-cabecera-1b6eb.css]
[www.gessicon.com/css/modulo-slider-1b6eb.css]
[www.gessicon.com/css/modulo-destacados-1b6eb.css]
[www.gessicon.com/css/modulo-paginacionmapa-1b6eb.css]
[www.gessicon.com/css/modulo-paginacion-1b6eb.css]
[www.gessicon.com/css/modulo-mapapropiedades-1b6eb.css]
[www.gessicon.com/css/modulo-valoramostupiso-1b6eb.css]
[www.gessicon.com/css/modulo-equipo-1b6eb.css]
[www.gessicon.com/css/modulo-suscribete-1b6eb.css]
[www.gessicon.com/css/modulo-ultimasentradas-1b6eb.css]
[www.gessicon.com/css/modulo-pie-1b6eb.css]
[www.gessicon.com/css/plugin-llamamos-1b6eb.css]
[www.gessicon.com/css/plugin-whatsapp-1b6eb.css]
[www.gessicon.com/img/header/bandera_01.png]
[www.gessicon.com/img/header/bandera_12.png]
[www.gessicon.com/img/header/bandera_16.png]
[www.gessicon.com/img/header/bandera_02.png]
[www.gessicon.com/img/header/bandera_03.png]
[www.gessicon.com/img/header/bandera_04.png]
[www.gessicon.com/img/header/bandera_15.png]
[www.gessicon.com/img/header/bandera_06.png]
[www.gessicon.com/img/header/bandera_10.png]
[www.gessicon.com/img/header/bandera_09.png]
[www.gessicon.com/img/header/bandera_07.png]
[www.gessicon.com/img/header/bandera_05.png]
[www.gessicon.com/img/header/bandera_11.png]
[www.gessicon.com/img/header/bandera_17.png]
[www.gessicon.com/img/header/bandera_08.png]
[www.gessicon.com/img/tel.png]
[www.gessicon.com/index-2.html]
[www.gessicon.com/css/componentes/buscadorcabecera-1b6eb.css]
[www.gessicon.com/css/componentes/buscador-1b6eb.css]
[www.gessicon.com/img/nofotos.png]
[www.gessicon.com/css/componentes/destacadoEstrella-2b6eb.css]
[www.gessicon.com/css/componentes/buscadoravanzado-1b6eb.css]
[www.gessicon.com/css/componentes/paginacion-1.css]
[www.gessicon.com/for-sale/index.html]
[www.gessicon.com/rental/index.html]
[www.gessicon.com/index2a9c.html]
[www.gessicon.com/seccion/company/company/en/index.html]
[www.gessicon.com/promotions/index.html]
[www.gessicon.com/ficha/flat/orihuela/zona-centro/8569/12341515/en/index.html]
[www.gessicon.com/ficha/bungalow-ground-floor/orihuela/molins-campaneta-san-bartolome/8569/12341101/en/index.html]
[www.gessicon.com/indexa602.html]
[www.gessicon.com/ficha/flat/redovan/ayuntamiento/8569/12340691/en/index.html]
[www.gessicon.com/ficha/bungalow/redovan/comunidad-valenciana/8569/21208505/en/index.html]
[www.gessicon.com/ficha/flat/orihuela/zona-centro/8569/28837866/en/index.html]
[www.gessicon.com/ficha/flat/orihuela/zona-centro/8569/15970004/en/index.html]
[www.gessicon.com/indexe96f.html]
[www.gessicon.com/publica-tu-inmueble/index.html]
[www.gessicon.com/alertas/index.html]
[www.gessicon.com/ficha/house-type-duplex/orihuela/los-andenes/8569/23534390/en/index.html]
[fotos15.apinmo.com/8569/12341498/2-1s.jpg]
[www.gessicon.com/img/nofotoagente.jpg]
[fotos15.apinmo.com/8569/21848847/4-1s.jpg]
[fotos15.apinmo.com/8569/27575322/3-1s.jpg]
[fotos15.apinmo.com/8569/27609111/7-1s.jpg]
[www.gessicon.com/ficha/garage/orihuela/zona-centro/8569/12341498/en/index.html]
[fotos15.apinmo.com/8569/12340765/14-1s.jpg]
[www.gessicon.com/ficha/parking/orihuela/zona-centro/8569/21848847/en/index.html]
[fotos15.apinmo.com/8569/26770541/11-1s.jpg]
[fotos15.apinmo.com/8569/12341515/13-1s.jpg]
[www.gessicon.com/ficha/business-premise/orihuela/zona-centro/8569/27609111/en/index.html]
[fotos15.apinmo.com/8569/27761236/11-1s.jpg]
[www.gessicon.com/ficha/garage/orihuela/barrio-de-la-ocarasa/8569/27575322/en/index.html]
[fotos15.apinmo.com/8569/12341101/4-1s.jpg]
[www.gessicon.com/ficha/village-house/jacarilla/jacarilla/8569/12340765/en/index.html]
[fotos15.apinmo.com/8569/12340691/9-1s.jpg]
[fotos15.apinmo.com/8569/12342018/5-1s.jpg]
[fotos15.apinmo.com/8569/12341144/10-1s.jpg]
[www.gessicon.com/ficha/house/orihuela/hurchillo/8569/26770541/en/index.html]
[www.gessicon.com/img/primero.svg]
[www.gessicon.com/ficha/office/orihuela/zona-centro/8569/12342018/en/index.html]
[www.gessicon.com/img/anterior.svg]
[www.gessicon.com/img/siguiente.svg]
[www.gessicon.com/ficha/terraced-house/orihuela/la-matanza/8569/12341144/en/index.html]
[www.gessicon.com/img/ultimo.svg]
[www.gessicon.com/ficha/ground-floor-apartment/orihuela/la-murada-los-vicentes/8569/27761236/en/index.html]
[www.gessicon.com/indexc92d.html]
[www.gessicon.com/img/mapapropiedades/mapapropiedades.gif]
[www.gessicon.com/indexf033.html]
[www.gessicon.com/img/mapapropiedades/iconoMapa.svg]
[www.gessicon.com/seccion5595.html]
[www.gessicon.com/alertas.html]
[www.gessicon.com/rss]
[www.gessicon.com/img/social/rss2.png]
[www.gessicon.com/js/lib/jquery-3.5.1.min.js]
[www.gessicon.com/js/lib/jquery-ui.min.js]
[www.google.com/recaptcha/api7926.js]
[www.gessicon.com/js/EnviarPostHogb6eb.js]
[www.gessicon.com/js/funcionesb6eb.js]
[www.gessicon.com/buscadorareas/componentes-v3-externob6eb.js]
[www.gessicon.com/js/modulos/comun/comun-buscadoresb6eb.js]
[www.gessicon.com/js/modulos/comun/buscadorb6eb.js]
[www.gessicon.com/js/modulos/comun/buscadorAvanzadob6eb.js]
[www.gessicon.com/window.location.href]
[www.gessicon.com/js/modulos/cabecera/cabecerab6eb.js]
[www.gessicon.com/js/modulos/slider/sliderb6eb.js]
[www.gessicon.com/js/lib/revolution/jquery.themepunch.revolution.min.js]
[www.gessicon.com/js/lib/carrusel/carrusel.min.js]
[www.gessicon.com/noticia/index.html]
[www.gessicon.com/js/lib/carrusel/jquery.carouFredSel-6.2.1-packed.js]
[www.gessicon.com/js/modulos/destacados/destacadosb6eb.js]
[www.gessicon.com/js/modulos/paginacion/paginacionb6eb.js]
[www.gessicon.com/js/modulos/valoramostupiso/valoramostupisob6eb.js]
[www.gessicon.com/promocion/index.html]
[www.gessicon.com/js/modulos/suscribete/suscribeteb6eb.js]
[www.gessicon.com/js/modulos/pie/pieb6eb.js]
[www.gessicon.com/js/suscribirsePushb6eb.js]
[www.gessicon.com/empreendimentos/index.html]
[www.gessicon.com/modulos/__ajx/envios/enviosFormularios.html]
[www.gessicon.com/index.html]
[www.gessicon.com/en.html]
[use.fontawesome.com/releases/v5.4.2/css/all.css]
[www.gessicon.com/css/resetb6eb.css]
[www.gessicon.com/css/fuentesb6eb.css]
[www.gessicon.com/css/estiloCookiesb6eb.css]
[www.gessicon.com/img/check.png]
[www.gessicon.com/img/realicons.png]
[www.gessicon.com/img/slider/sombra.png]
[www.gessicon.com/js/lib/revolution/assets/large_left.png]
[www.gessicon.com/js/lib/revolution/assets/large_right.png]
[www.gessicon.com/js/lib/revolution/assets/large_left2.png]
[www.gessicon.com/js/lib/revolution/assets/large_right2.png]
[www.gessicon.com/img/fullscreen.png]
[www.gessicon.com/img/fullscreen_invertido.png]
[www.gessicon.com/css/estilob6eb.css]
[www.gessicon.com/buscadorareas/inmovilla8002.woff2]
[www.gessicon.com/buscadorareas/inmovilla8002.woff]
[www.gessicon.com/buscadorareas/inmovilla8002.ttf]
[www.gessicon.com/buscadorareas/styleb6eb.css]
[www.gessicon.com/buscadorareas/inmovilla8002.svg]
[www.gessicon.com/imagenes/componentes/buscador-lupa.svg]
[www.gessicon.com/buscadorareas/componentes-v3-externob6eb.css]
[www.gessicon.com/css/modulo-disenyadoinmovilla-1b6eb.css]
[use.fontawesome.com/releases/v5.15.0/css/all.css]
[www.gessicon.com/css/modulo-cabecera-1b6eb.css]
[www.gessicon.com/css/modulo-slider-1b6eb.css]
[www.gessicon.com/css/modulo-destacados-1b6eb.css]
[www.gessicon.com/buscadorareas/buscador-lupa.svg]
[www.gessicon.com/img/mapas/icono_agrupar.png]
[www.gessicon.com/img/mapas/icono_dibujard41d.png]
[www.gessicon.com/img/mapas/marker_propiedad.png]
[www.gessicon.com/img/mapas/marker_propiedad_circ.png]
[www.gessicon.com/css/modulo-paginacionmapa-1b6eb.css]
[www.gessicon.com/css/modulo-paginacion-1b6eb.css]
[www.gessicon.com/img/mapapropiedades/mapapropiedades_default.gif]
[www.gessicon.com/css/modulo-mapapropiedades-1b6eb.css]
[www.gessicon.com/img/loading_fff.gif]
[www.gessicon.com/css/modulo-valoramostupiso-1b6eb.css]
[www.gessicon.com/img/equipo/silueta.png]
[www.gessicon.com/img/equipo/icono-quote.png]
[www.gessicon.com/css/modulo-equipo-1b6eb.css]
[www.gessicon.com/img/suscribete/email.png]
[www.gessicon.com/css/modulo-suscribete-1b6eb.css]
[www.gessicon.com/css/modulo-ultimasentradas-1b6eb.css]
[www.gessicon.com/css/modulo-pie-1b6eb.css]
[www.gessicon.com/css/plugin-llamamos-1b6eb.css]
[www.gessicon.com/img/Whatsapp/fondoWhatsapp.png]
[www.gessicon.com/css/plugin-whatsapp-1b6eb.css]
[www.gessicon.com/index-2.html]
[www.gessicon.com/for-sale/en.html]
[fotos15.apinmo.com/8569/28844272/37-1s.jpg]
[www.gessicon.com/ventaf033.html]
[www.gessicon.com/ficha/flat/orihuela/zona-centro/8569/28844272/en/index.html]
[www.gessicon.com/venta.html]
[www.gessicon.com/for-sale/index.html]
[www.gessicon.com/rental/en.html]
[fotos15.apinmo.com/8569/22988339/9-1s.jpg]
[fotos15.apinmo.com/8569/28052921/12-1s.jpg]
[fotos15.apinmo.com/8569/12341243/7-1s.jpg]
[www.gessicon.com/ficha/office/orihuela/zona-centro/8569/22988339/en/index.html]
[fotos15.apinmo.com/8569/12341263/3-1s.jpg]
[fotos15.apinmo.com/8569/28576012/4-1s.jpg]
[fotos15.apinmo.com/8569/28576023/5-1s.jpg]
[www.gessicon.com/ficha/office/orihuela/zona-centro/8569/28052921/en/index.html]
[www.gessicon.com/ficha/office/orihuela/zona-centro/8569/12341243/en/index.html]
[www.gessicon.com/alquilerf033.html]
[www.gessicon.com/ficha/business-premise/orihuela/zona-centro/8569/12341263/en/index.html]
[www.gessicon.com/ficha/terraced-house/pilar-de-la-horadada/la-torre-de-la-horadada/8569/28576023/en/index.html]
[www.gessicon.com/ficha/terraced-house/pilar-de-la-horadada/la-torre-de-la-horadada/8569/28576012/en/index.html]
[www.gessicon.com/alquiler.html]
[www.gessicon.com/rental/index.html]
[www.gessicon.com/promotions/en.html]
[fotos15.apinmo.com/8569/21208505/45-1s.jpg]
[fotos15.apinmo.com/8569/28358542/7-1s.jpg]
[fotos15.apinmo.com/8569/28358555/7-1s.jpg]
[fotos15.apinmo.com/8569/28358575/6-1s.jpg]
[www.gessicon.com/ficha/terraced-house/rafal/comunidad-valenciana/8569/28358542/en/index.html]
[www.gessicon.com/ficha/terraced-house/rafal/comunidad-valenciana/8569/28358555/en/index.html]
[www.gessicon.com/promocionesf033.html]
[www.gessicon.com/ficha/terraced-house/rafal/comunidad-valenciana/8569/28358575/en/index.html]
[www.gessicon.com/promociones.html]
[www.gessicon.com/promotions/index.html]
[www.gessicon.com/seccion/company/company/en.html]
[www.gessicon.com/css/modulo-seccion-1b6eb.css]
[www.gessicon.com/seccion.html]
[www.gessicon.com/seccion/company/company/en/index.html]
[www.gessicon.com/css/componentes/buscadorcabecera-1b6eb.css]
[www.gessicon.com/css/componentes/buscador-1b6eb.css]
[fotos15.apinmo.com/8569/12341515/13-1.jpg]
[www.gessicon.com/css/modulo-fichapropiedad-1b6eb.css]
[www.gessicon.com/img/ficha/social/bx-star.svg]
[www.gessicon.com/img/ficha/social/bx-discart.svg]
[www.gessicon.com/imprimirfichapropiedad1706.html]
[www.gessicon.com/img/ficha/social/bx-printer.svg]
[www.gessicon.com/img/ficha/social/bx-globe.svg]
[www.gessicon.com/Fichaf981.pdf]
[www.gessicon.com/img/ficha/social/bx-file-pdf.svg]
[www.gessicon.com/img/ficha/social/bx-plus.svg]
[www.gessicon.com/img/ficha/social/bxl-facebook-square.svg]
[www.gessicon.com/img/ficha/social/bxl-x-tweeter.svg]
[www.gessicon.com/img/ficha/social/bxl-gmail.svg]
[www.gessicon.com/img/ficha/social/bxl-whatsapp.svg]
[www.gessicon.com/img/ficha/social/bxl-telegram.svg]
[fotos15.apinmo.com/8569/12341515/13-2s.jpg]
[fotos15.apinmo.com/8569/12341515/13-3s.jpg]
[fotos15.apinmo.com/8569/12341515/13-4s.jpg]
[fotos15.apinmo.com/8569/12341515/13-5s.jpg]
[fotos15.apinmo.com/8569/12341515/13-6s.jpg]
[fotos15.apinmo.com/8569/12341515/13-7s.jpg]
[fotos15.apinmo.com/8569/12341515/13-8s.jpg]
[fotos15.apinmo.com/8569/12341515/13-9s.jpg]
[fotos15.apinmo.com/8569/12341515/13-10s.jpg]
[fotos15.apinmo.com/8569/12341515/13-11s.jpg]
[fotos15.apinmo.com/8569/12341515/13-12s.jpg]
[fotos15.apinmo.com/8569/12341515/13-13s.jpg]
[fotos15.apinmo.com/8569/12341515/13-14s.jpg]
[fotos15.apinmo.com/8569/12341515/13-15s.jpg]
[fotos15.apinmo.com/8569/12341515/13-16s.jpg]
[fotos15.apinmo.com/8569/12341515/13-17s.jpg]
[fotos15.apinmo.com/8569/12341515/13-18s.jpg]
[www.gessicon.com/img/eficiencia/eficiencia2.png]
[fotos15.apinmo.com/viviendas/flat_en_orihuela/8569/28844272/37-1.jpg]
[www.gessicon.com/js/lib/dragScroll.min.js]
[www.gessicon.com/js/modulos/comun/visorFotosFichasb6eb.js]
[www.gessicon.com/js/modulos/fichapropiedad/fichapropiedadb6eb.js]
[www.gessicon.com/ficha/flat/orihuela/zona-centro/8569/12341515/en/index.html]
[www.gessicon.com/css/componentes/destacadoEstrella-2b6eb.css]
[www.gessicon.com/css/componentes/buscadoravanzado-1b6eb.css]
[fotos15.apinmo.com/8569/12341101/4-1.jpg]
[www.gessicon.com/imprimirfichapropiedadc875.html]
[www.gessicon.com/Ficha92b4.pdf]
[fotos15.apinmo.com/8569/12341101/4-2s.jpg]
[fotos15.apinmo.com/8569/12341101/4-3s.jpg]
[fotos15.apinmo.com/8569/12341101/4-4s.jpg]
[fotos15.apinmo.com/8569/12341101/4-5s.jpg]
[fotos15.apinmo.com/8569/12341101/4-6s.jpg]
[fotos15.apinmo.com/8569/12341101/4-7s.jpg]
[fotos15.apinmo.com/8569/12341101/4-8s.jpg]
[fotos15.apinmo.com/8569/12341101/4-9s.jpg]
[fotos15.apinmo.com/8569/12341101/4-10s.jpg]
[fotos15.apinmo.com/8569/12341101/4-11s.jpg]
[www.gessicon.com/ficha/bungalow-ground-floor/orihuela/molins-campaneta-san-bartolome/8569/12341101/en/index.html]
[fotos15.apinmo.com/8569/12340691/9-1.jpg]
[www.gessicon.com/imprimirfichapropiedadf749.html]
[www.gessicon.com/Ficha48c7.pdf]
[fotos15.apinmo.com/8569/12340691/9-2s.jpg]
[fotos15.apinmo.com/8569/12340691/9-3s.jpg]
[fotos15.apinmo.com/8569/12340691/9-4s.jpg]
[fotos15.apinmo.com/8569/12340691/9-5s.jpg]
[fotos15.apinmo.com/8569/12340691/9-6s.jpg]
[fotos15.apinmo.com/8569/12340691/9-7s.jpg]
[fotos15.apinmo.com/8569/12340691/9-8s.jpg]
[fotos15.apinmo.com/8569/12340691/9-9s.jpg]
[fotos15.apinmo.com/8569/12340691/9-10s.jpg]
[fotos15.apinmo.com/8569/12340691/9-11s.jpg]
[fotos15.apinmo.com/8569/12340691/9-12s.jpg]
[fotos15.apinmo.com/8569/12340691/9-13s.jpg]
[fotos15.apinmo.com/8569/12340691/9-14s.jpg]
[fotos15.apinmo.com/8569/12340691/9-15s.jpg]
[fotos15.apinmo.com/8569/12340691/9-16s.jpg]
[fotos15.apinmo.com/8569/12340691/9-17s.jpg]
[fotos15.apinmo.com/8569/12340691/9-18s.jpg]
[fotos15.apinmo.com/8569/12340691/9-19s.jpg]
[fotos15.apinmo.com/8569/12340691/9-20s.jpg]
[www.gessicon.com/ficha/flat/redovan/ayuntamiento/8569/12340691/en/index.html]
[fotos15.apinmo.com/8569/21208505/45-1.jpg]
[www.gessicon.com/imprimirfichapropiedad694e.html]
[www.gessicon.com/Ficha5e38.pdf]
[fotos15.apinmo.com/8569/21208505/45-2s.jpg]
[fotos15.apinmo.com/8569/21208505/45-3s.jpg]
[fotos15.apinmo.com/8569/21208505/45-4s.jpg]
[fotos15.apinmo.com/8569/21208505/45-5s.jpg]
[fotos15.apinmo.com/8569/21208505/45-6s.jpg]
[fotos15.apinmo.com/8569/21208505/45-7s.jpg]
[fotos15.apinmo.com/8569/21208505/45-8s.jpg]
[fotos15.apinmo.com/8569/21208505/45-9s.jpg]
[fotos15.apinmo.com/8569/21208505/45-10s.jpg]
[fotos15.apinmo.com/8569/21208505/45-11s.jpg]
[fotos15.apinmo.com/8569/21208505/45-12s.jpg]
[fotos15.apinmo.com/8569/21208505/45-13s.jpg]
[fotos15.apinmo.com/8569/21208505/45-14s.jpg]
[fotos15.apinmo.com/8569/21208505/45-15s.jpg]
[fotos15.apinmo.com/8569/21208505/45-16s.jpg]
[fotos15.apinmo.com/8569/21208505/45-17s.jpg]
[fotos15.apinmo.com/8569/21208505/45-18s.jpg]
[fotos15.apinmo.com/8569/21208505/45-19s.jpg]
[fotos15.apinmo.com/8569/21208505/45-20s.jpg]
[www.gessicon.com/ficha/bungalow/redovan/comunidad-valenciana/8569/21208505/en/index.html]
[fotos15.apinmo.com/8569/28837866/71-1.jpg]
[www.gessicon.com/imprimirfichapropiedad7049.html]
[www.gessicon.com/Ficha1d16.pdf]
[fotos15.apinmo.com/8569/28837866/71-1s.jpg]
[fotos15.apinmo.com/8569/28837866/71-2s.jpg]
[fotos15.apinmo.com/8569/28837866/71-3s.jpg]
[fotos15.apinmo.com/8569/28837866/71-4s.jpg]
[fotos15.apinmo.com/8569/28837866/71-5s.jpg]
[fotos15.apinmo.com/8569/28837866/71-6s.jpg]
[fotos15.apinmo.com/8569/28837866/71-7s.jpg]
[fotos15.apinmo.com/8569/28837866/71-8s.jpg]
[fotos15.apinmo.com/8569/28837866/71-9s.jpg]
[fotos15.apinmo.com/8569/28837866/71-10s.jpg]
[fotos15.apinmo.com/8569/28837866/71-11s.jpg]
[fotos15.apinmo.com/8569/28837866/71-12s.jpg]
[fotos15.apinmo.com/8569/28837866/71-13s.jpg]
[fotos15.apinmo.com/8569/28837866/71-14s.jpg]
[fotos15.apinmo.com/8569/28837866/71-15s.jpg]
[fotos15.apinmo.com/8569/28837866/71-16s.jpg]
[fotos15.apinmo.com/8569/28837866/71-17s.jpg]
[fotos15.apinmo.com/8569/28837866/71-18s.jpg]
[fotos15.apinmo.com/8569/28837866/71-19s.jpg]
[fotos15.apinmo.com/8569/28837866/71-20s.jpg]
[fotos15.apinmo.com/8569/28837866/71-21s.jpg]
[fotos15.apinmo.com/8569/28837866/71-22s.jpg]
[fotos15.apinmo.com/8569/28837866/71-23s.jpg]
[fotos15.apinmo.com/8569/28837866/71-24s.jpg]
[fotos15.apinmo.com/8569/28837866/71-25s.jpg]
[fotos15.apinmo.com/viviendas/flat_en_orihuela/8569/12341248/25-1.jpg]
[fotos15.apinmo.com/viviendas/flat_en_orihuela/8569/28211089/12-1.jpg]
[fotos15.apinmo.com/viviendas/flat_en_orihuela/8569/12341228/55-1.jpg]
[fotos15.apinmo.com/viviendas/flat_en_orihuela/8569/15970004/11-1.jpg]
[www.gessicon.com/ficha/flat/orihuela/barrio-de-la-ocarasa/8569/12341248/en/index.html]
[www.gessicon.com/ficha/flat/orihuela/avda-teodomiro/8569/28211089/en/index.html]
[www.gessicon.com/ficha/flat/orihuela/los-andenes/8569/12341228/en/index.html]
[www.gessicon.com/ficha/flat/orihuela/zona-centro/8569/28837866/en/index.html]
[fotos15.apinmo.com/8569/15970004/11-1.jpg]
[www.gessicon.com/imprimirfichapropiedad50ac.html]
[www.gessicon.com/Ficha3c29.pdf]
[fotos15.apinmo.com/8569/15970004/11-1s.jpg]
[fotos15.apinmo.com/8569/15970004/11-2s.jpg]
[fotos15.apinmo.com/8569/15970004/11-3s.jpg]
[fotos15.apinmo.com/8569/15970004/11-4s.jpg]
[fotos15.apinmo.com/8569/15970004/11-5s.jpg]
[fotos15.apinmo.com/8569/15970004/11-6s.jpg]
[fotos15.apinmo.com/8569/15970004/11-7s.jpg]
[fotos15.apinmo.com/8569/15970004/11-8s.jpg]
[fotos15.apinmo.com/8569/15970004/11-9s.jpg]
[fotos15.apinmo.com/8569/15970004/11-10s.jpg]
[fotos15.apinmo.com/8569/15970004/11-11s.jpg]
[fotos15.apinmo.com/8569/15970004/11-12s.jpg]
[fotos15.apinmo.com/8569/15970004/11-13s.jpg]
[fotos15.apinmo.com/8569/15970004/11-14s.jpg]
[fotos15.apinmo.com/8569/15970004/11-15s.jpg]
[fotos15.apinmo.com/8569/15970004/11-16s.jpg]
[fotos15.apinmo.com/8569/15970004/11-17s.jpg]
[fotos15.apinmo.com/8569/15970004/11-18s.jpg]
[fotos15.apinmo.com/8569/15970004/11-19s.jpg]
[fotos15.apinmo.com/8569/15970004/11-20s.jpg]
[fotos15.apinmo.com/8569/15970004/11-21s.jpg]
[fotos15.apinmo.com/8569/15970004/11-22s.jpg]
[fotos15.apinmo.com/8569/15970004/11-23s.jpg]
[fotos15.apinmo.com/8569/15970004/11-24s.jpg]
[fotos15.apinmo.com/8569/15970004/11-25s.jpg]
[fotos15.apinmo.com/8569/15970004/11-26s.jpg]
[fotos15.apinmo.com/viviendas/flat_en_orihuela/8569/28837866/71-1.jpg]
[www.gessicon.com/ficha/flat/orihuela/zona-centro/8569/15970004/en/index.html]
[fotos15.apinmo.com/8569/23534390/46-1.jpg]
[www.gessicon.com/imprimirfichapropiedad9a9a.html]
[www.gessicon.com/Ficha7d6d.pdf]
[fotos15.apinmo.com/8569/23534390/46-1s.jpg]
[fotos15.apinmo.com/8569/23534390/46-2s.jpg]
[fotos15.apinmo.com/8569/23534390/46-3s.jpg]
[fotos15.apinmo.com/8569/23534390/46-4s.jpg]
[fotos15.apinmo.com/8569/23534390/46-5s.jpg]
[fotos15.apinmo.com/8569/23534390/46-6s.jpg]
[fotos15.apinmo.com/8569/23534390/46-7s.jpg]
[fotos15.apinmo.com/8569/23534390/46-8s.jpg]
[fotos15.apinmo.com/8569/23534390/46-9s.jpg]
[fotos15.apinmo.com/8569/23534390/46-10s.jpg]
[fotos15.apinmo.com/8569/23534390/46-11s.jpg]
[fotos15.apinmo.com/8569/23534390/46-12s.jpg]
[fotos15.apinmo.com/8569/23534390/46-13s.jpg]
[fotos15.apinmo.com/8569/23534390/46-14s.jpg]
[fotos15.apinmo.com/8569/23534390/46-15s.jpg]
[fotos15.apinmo.com/8569/23534390/46-16s.jpg]
[fotos15.apinmo.com/8569/23534390/46-17s.jpg]
[fotos15.apinmo.com/8569/23534390/46-18s.jpg]
[fotos15.apinmo.com/8569/23534390/46-19s.jpg]
[fotos15.apinmo.com/8569/23534390/46-20s.jpg]
[fotos15.apinmo.com/8569/23534390/46-21s.jpg]
[fotos15.apinmo.com/8569/23534390/46-22s.jpg]
[fotos15.apinmo.com/8569/23534390/46-23s.jpg]
[fotos15.apinmo.com/8569/23534390/46-24s.jpg]
[www.gessicon.com/ficha/house-type-duplex/orihuela/los-andenes/8569/23534390/en/index.html]
[www.gessicon.com/css/componentes/paginacion-1.css]
[www.gessicon.com/alertas/index.html]
[www.gessicon.com/publica-tu-inmueble/index.html]
[www.gessicon.com/ficha/house-type-duplex/orihuela/los-andenes/8569/27680862/en/index.html]
[www.gessicon.com/index2a9c.html]
[www.gessicon.com/indexa602.html]
[www.gessicon.com/indexe96f.html]
[fotos15.apinmo.com/8569/12341498/2-1.jpg]
[www.gessicon.com/imprimirfichapropiedadc980.html]
[www.gessicon.com/Fichaa1d6.pdf]
[fotos15.apinmo.com/8569/12341498/2-2s.jpg]
[fotos15.apinmo.com/8569/12341498/2-3s.jpg]
[fotos15.apinmo.com/8569/12341498/2-4s.jpg]
[fotos15.apinmo.com/8569/12341498/2-5s.jpg]
[fotos15.apinmo.com/8569/12341498/2-6s.jpg]
[www.gessicon.com/ficha/garage/orihuela/zona-centro/8569/12341498/en/index.html]
[fotos15.apinmo.com/8569/21848847/4-1.jpg]
[www.gessicon.com/imprimirfichapropiedadfbe7.html]
[www.gessicon.com/Ficha8d51.pdf]
[fotos15.apinmo.com/8569/21848847/4-2s.jpg]
[fotos15.apinmo.com/8569/21848847/4-3s.jpg]
[fotos15.apinmo.com/8569/21848847/4-4s.jpg]
[fotos15.apinmo.com/8569/21848847/4-5s.jpg]
[www.gessicon.com/ficha/parking/orihuela/zona-centro/8569/21848847/en/index.html]
[fotos15.apinmo.com/8569/27575322/3-1.jpg]
[www.gessicon.com/imprimirfichapropiedad2413.html]
[www.gessicon.com/Fichace40.pdf]
[fotos15.apinmo.com/8569/27575322/3-2s.jpg]
[fotos15.apinmo.com/8569/27575322/3-3s.jpg]
[fotos15.apinmo.com/8569/27575322/3-4s.jpg]
[fotos15.apinmo.com/8569/27575322/3-5s.jpg]
[fotos15.apinmo.com/8569/27575322/3-6s.jpg]
[fotos15.apinmo.com/8569/27575322/3-7s.jpg]
[fotos15.apinmo.com/8569/27575322/3-8s.jpg]
[fotos15.apinmo.com/8569/27575322/3-9s.jpg]
[www.gessicon.com/ficha/garage/orihuela/barrio-de-la-ocarasa/8569/27575322/en/index.html]
[fotos15.apinmo.com/8569/27609111/7-1.jpg]
[www.gessicon.com/imprimirfichapropiedad0a82.html]
[www.gessicon.com/Fichac627.pdf]
[fotos15.apinmo.com/8569/27609111/7-2s.jpg]
[fotos15.apinmo.com/8569/27609111/7-3s.jpg]
[fotos15.apinmo.com/8569/27609111/7-4s.jpg]
[fotos15.apinmo.com/8569/27609111/7-5s.jpg]
[fotos15.apinmo.com/8569/27609111/7-6s.jpg]
[fotos15.apinmo.com/8569/27609111/7-7s.jpg]
[fotos15.apinmo.com/8569/27609111/7-8s.jpg]
[fotos15.apinmo.com/8569/27609111/7-9s.jpg]
[fotos15.apinmo.com/8569/27609111/7-10s.jpg]
[fotos15.apinmo.com/8569/27609111/7-11s.jpg]
[fotos15.apinmo.com/8569/27609111/7-12s.jpg]
[fotos15.apinmo.com/8569/27609111/7-13s.jpg]
[fotos15.apinmo.com/8569/27609111/7-14s.jpg]
[fotos15.apinmo.com/8569/27609111/7-15s.jpg]
[fotos15.apinmo.com/8569/27609111/7-16s.jpg]
[fotos15.apinmo.com/8569/27609111/7-17s.jpg]
[www.gessicon.com/ficha/business-premise/orihuela/zona-centro/8569/27609111/en/index.html]
[fotos15.apinmo.com/8569/12340765/14-1.jpg]
[www.gessicon.com/imprimirfichapropiedad715b.html]
[www.gessicon.com/Ficha9070.pdf]
[fotos15.apinmo.com/8569/12340765/14-2s.jpg]
[fotos15.apinmo.com/8569/12340765/14-3s.jpg]
[fotos15.apinmo.com/8569/12340765/14-4s.jpg]
[fotos15.apinmo.com/8569/12340765/14-5s.jpg]
[fotos15.apinmo.com/8569/12340765/14-6s.jpg]
[fotos15.apinmo.com/8569/12340765/14-7s.jpg]
[fotos15.apinmo.com/8569/12340765/14-8s.jpg]
[fotos15.apinmo.com/8569/12340765/14-9s.jpg]
[fotos15.apinmo.com/8569/12340765/14-10s.jpg]
[fotos15.apinmo.com/8569/12340765/14-11s.jpg]
[fotos15.apinmo.com/8569/12340765/14-12s.jpg]
[fotos15.apinmo.com/8569/12340765/14-13s.jpg]
[fotos15.apinmo.com/8569/12340765/14-14s.jpg]
[fotos15.apinmo.com/8569/12340765/14-15s.jpg]
[fotos15.apinmo.com/8569/12340765/14-16s.jpg]
[fotos15.apinmo.com/8569/12340765/14-17s.jpg]
[fotos15.apinmo.com/8569/12340765/14-18s.jpg]
[fotos15.apinmo.com/8569/12340765/14-19s.jpg]
[fotos15.apinmo.com/8569/12340765/14-20s.jpg]
[fotos15.apinmo.com/8569/12340765/14-21s.jpg]
[fotos15.apinmo.com/8569/12340765/14-22s.jpg]
[fotos15.apinmo.com/8569/12340765/14-23s.jpg]
[fotos15.apinmo.com/8569/12340765/14-24s.jpg]
[fotos15.apinmo.com/8569/12340765/14-25s.jpg]
[fotos15.apinmo.com/8569/12340765/14-26s.jpg]
[fotos15.apinmo.com/8569/12340765/14-27s.jpg]
[fotos15.apinmo.com/8569/12340765/14-28s.jpg]
[fotos15.apinmo.com/8569/12340765/14-29s.jpg]
[fotos15.apinmo.com/8569/12340765/14-30s.jpg]
[fotos15.apinmo.com/8569/12340765/14-31s.jpg]
[www.gessicon.com/ficha/village-house/jacarilla/jacarilla/8569/12340765/en/index.html]
[fotos15.apinmo.com/8569/26770541/11-1.jpg]
[www.gessicon.com/imprimirfichapropiedad60a3.html]
[www.gessicon.com/Fichad2ba.pdf]
[fotos15.apinmo.com/8569/26770541/11-2s.jpg]
[fotos15.apinmo.com/8569/26770541/11-3s.jpg]
[fotos15.apinmo.com/8569/26770541/11-4s.jpg]
[fotos15.apinmo.com/8569/26770541/11-5s.jpg]
[fotos15.apinmo.com/8569/26770541/11-6s.jpg]
[fotos15.apinmo.com/8569/26770541/11-7s.jpg]
[fotos15.apinmo.com/8569/26770541/11-8s.jpg]
[fotos15.apinmo.com/8569/26770541/11-9s.jpg]
[fotos15.apinmo.com/8569/26770541/11-10s.jpg]
[fotos15.apinmo.com/8569/26770541/11-11s.jpg]
[fotos15.apinmo.com/8569/26770541/11-12s.jpg]
[fotos15.apinmo.com/8569/26770541/11-13s.jpg]
[fotos15.apinmo.com/8569/26770541/11-14s.jpg]
[fotos15.apinmo.com/8569/26770541/11-15s.jpg]
[fotos15.apinmo.com/8569/26770541/11-16s.jpg]
[fotos15.apinmo.com/8569/26770541/11-17s.jpg]
[fotos15.apinmo.com/8569/26770541/11-18s.jpg]
[fotos15.apinmo.com/8569/26770541/11-19s.jpg]
[fotos15.apinmo.com/8569/26770541/11-20s.jpg]
[www.gessicon.com/ficha/house/orihuela/hurchillo/8569/26770541/en/index.html]
[fotos15.apinmo.com/8569/27761236/11-1.jpg]
[www.gessicon.com/imprimirfichapropiedad79dd.html]
[www.gessicon.com/Fichad8ce.pdf]
[fotos15.apinmo.com/8569/27761236/11-2s.jpg]
[fotos15.apinmo.com/8569/27761236/11-3s.jpg]
[fotos15.apinmo.com/8569/27761236/11-4s.jpg]
[fotos15.apinmo.com/8569/27761236/11-5s.jpg]
[fotos15.apinmo.com/8569/27761236/11-6s.jpg]
[fotos15.apinmo.com/8569/27761236/11-7s.jpg]
[fotos15.apinmo.com/8569/27761236/11-8s.jpg]
[fotos15.apinmo.com/8569/27761236/11-9s.jpg]
[fotos15.apinmo.com/8569/27761236/11-10s.jpg]
[fotos15.apinmo.com/8569/27761236/11-11s.jpg]
[fotos15.apinmo.com/8569/27761236/11-12s.jpg]
[fotos15.apinmo.com/8569/27761236/11-13s.jpg]
[fotos15.apinmo.com/8569/27761236/11-14s.jpg]
[fotos15.apinmo.com/8569/27761236/11-15s.jpg]
[fotos15.apinmo.com/8569/27761236/11-16s.jpg]
[fotos15.apinmo.com/8569/27761236/11-17s.jpg]
[fotos15.apinmo.com/8569/27761236/11-18s.jpg]
[fotos15.apinmo.com/8569/27761236/11-19s.jpg]
[fotos15.apinmo.com/8569/27761236/11-20s.jpg]
[fotos15.apinmo.com/8569/27761236/11-21s.jpg]
[fotos15.apinmo.com/8569/27761236/11-22s.jpg]
[fotos15.apinmo.com/8569/27761236/11-23s.jpg]
[fotos15.apinmo.com/8569/27761236/11-24s.jpg]
[fotos15.apinmo.com/8569/27761236/11-25s.jpg]
[fotos15.apinmo.com/8569/27761236/11-26s.jpg]
[fotos15.apinmo.com/8569/27761236/11-27s.jpg]
[www.gessicon.com/ficha/ground-floor-apartment/orihuela/la-murada-los-vicentes/8569/27761236/en/index.html]
[fotos15.apinmo.com/8569/12342018/5-1.jpg]
[www.gessicon.com/imprimirfichapropiedad5034.html]
[www.gessicon.com/Fichad8cc.pdf]
[fotos15.apinmo.com/8569/12342018/5-2s.jpg]
[fotos15.apinmo.com/8569/12342018/5-3s.jpg]
[fotos15.apinmo.com/8569/12342018/5-4s.jpg]
[fotos15.apinmo.com/8569/12342018/5-5s.jpg]
[fotos15.apinmo.com/8569/12342018/5-6s.jpg]
[fotos15.apinmo.com/8569/12342018/5-7s.jpg]
[fotos15.apinmo.com/8569/12342018/5-8s.jpg]
[fotos15.apinmo.com/8569/12342018/5-9s.jpg]
[fotos15.apinmo.com/8569/12342018/5-10s.jpg]
[fotos15.apinmo.com/8569/12342018/5-11s.jpg]
[fotos15.apinmo.com/8569/12342018/5-12s.jpg]
[fotos15.apinmo.com/8569/12342018/5-13s.jpg]
[fotos15.apinmo.com/8569/12342018/5-14s.jpg]
[www.gessicon.com/ficha/office/orihuela/zona-centro/8569/12342018/en/index.html]
[fotos15.apinmo.com/8569/12341144/10-1.jpg]
[www.gessicon.com/imprimirfichapropiedad71f1.html]
[www.gessicon.com/Ficha4937.pdf]
[fotos15.apinmo.com/8569/12341144/10-2s.jpg]
[fotos15.apinmo.com/8569/12341144/10-3s.jpg]
[fotos15.apinmo.com/8569/12341144/10-4s.jpg]
[fotos15.apinmo.com/8569/12341144/10-5s.jpg]
[fotos15.apinmo.com/8569/12341144/10-6s.jpg]
[fotos15.apinmo.com/8569/12341144/10-7s.jpg]
[fotos15.apinmo.com/8569/12341144/10-8s.jpg]
[fotos15.apinmo.com/8569/12341144/10-9s.jpg]
[fotos15.apinmo.com/8569/12341144/10-10s.jpg]
[www.gessicon.com/ficha/terraced-house/orihuela/la-matanza/8569/12341144/en/index.html]
[www.gessicon.com/img/primero.svg]
[www.gessicon.com/img/anterior.svg]
[www.gessicon.com/img/siguiente.svg]
[www.gessicon.com/img/ultimo.svg]
[www.gessicon.com/indexc92d.html]
[www.gessicon.com/modulos/__ajx/buscador/buscadorMapa.html]
[www.gessicon.com/modulos/__ajx/buscador/buscadorMapaPopup.html]
[maps.cercalia.com/maps/loader6425.js]
[www.gessicon.com/indexf033.html]
[www.gessicon.com/img/mapapropiedades/iconoMapa.svg]
[www.gessicon.com/seccion5595.html]
[www.gessicon.com/alertas.html]
[www.gessicon.com/window.location.html]
[www.gessicon.com/noticia/index.html]
[www.gessicon.com/promocion/index.html]
[www.gessicon.com/empreendimentos/index.html]
[www.gessicon.com/js/modulos/equipo/equipob6eb.js]
[www.gessicon.com/modulos/__ajx/envios/enviosFormularios.html]
[www.gessicon.com/buscadorareas/inmovilla8002.svg]
[www.gessicon.com/imagenes/componentes/buscador-lupa.svg]
[www.gessicon.com/buscadorareas/buscador-lupa.svg]
[www.gessicon.com/for-sale/en.html]
[www.gessicon.com/ficha/flat/orihuela/zona-centro/8569/28844272/en/index.html]
[www.gessicon.com/ventaf033.html]
[www.gessicon.com/venta.html]
[www.gessicon.com/rental/en.html]
[www.gessicon.com/ficha/office/orihuela/zona-centro/8569/22988339/en/index.html]
[www.gessicon.com/ficha/office/orihuela/zona-centro/8569/28052921/en/index.html]
[www.gessicon.com/ficha/office/orihuela/zona-centro/8569/12341243/en/index.html]
[www.gessicon.com/ficha/business-premise/orihuela/zona-centro/8569/12341263/en/index.html]
[www.gessicon.com/ficha/terraced-house/pilar-de-la-horadada/la-torre-de-la-horadada/8569/28576012/en/index.html]
[www.gessicon.com/ficha/terraced-house/pilar-de-la-horadada/la-torre-de-la-horadada/8569/28576023/en/index.html]
[www.gessicon.com/alquilerf033.html]
[www.gessicon.com/alquiler.html]
[www.gessicon.com/promotions/en.html]
[www.gessicon.com/ficha/terraced-house/rafal/comunidad-valenciana/8569/28358542/en/index.html]
[www.gessicon.com/ficha/terraced-house/rafal/comunidad-valenciana/8569/28358555/en/index.html]
[www.gessicon.com/ficha/terraced-house/rafal/comunidad-valenciana/8569/28358575/en/index.html]
[www.gessicon.com/promocionesf033.html]
[www.gessicon.com/promociones.html]
[www.gessicon.com/seccion/company/company/en.html]
[www.gessicon.com/css/modulo-seccion-1b6eb.css]
[www.gessicon.com/seccion.html]
[www.gessicon.com/css/modulo-fichapropiedad-1b6eb.css]
[www.gessicon.com/img/ficha/social/bx-star.svg]
[www.gessicon.com/img/ficha/social/bx-discart.svg]
[www.gessicon.com/imprimirfichapropiedad1706.html]
[www.gessicon.com/img/ficha/social/bx-printer.svg]
[www.gessicon.com/img/ficha/social/bx-globe.svg]
[www.gessicon.com/img/ficha/social/bx-file-pdf.svg]
[www.gessicon.com/img/ficha/social/bx-plus.svg]
[www.gessicon.com/img/ficha/social/bxl-facebook-square.svg]
[www.gessicon.com/img/ficha/social/bxl-x-tweeter.svg]
[www.gessicon.com/img/ficha/social/bxl-gmail.svg]
[www.gessicon.com/img/ficha/social/bxl-whatsapp.svg]
[www.gessicon.com/img/ficha/social/bxl-telegram.svg]
[www.gessicon.com/imprimirfichapropiedadc875.html]
[www.gessicon.com/imprimirfichapropiedadf749.html]
[www.gessicon.com/imprimirfichapropiedad694e.html]
[www.gessicon.com/imprimirfichapropiedad7049.html]
[www.gessicon.com/ficha/flat/orihuela/barrio-de-la-ocarasa/8569/12341248/en/index.html]
[www.gessicon.com/ficha/flat/orihuela/avda-teodomiro/8569/28211089/en/index.html]
[www.gessicon.com/ficha/flat/orihuela/los-andenes/8569/12341228/en/index.html]
[www.gessicon.com/imprimirfichapropiedad50ac.html]
[www.gessicon.com/imprimirfichapropiedad9a9a.html]
[www.gessicon.com/ficha/house-type-duplex/orihuela/los-andenes/8569/27680862/en/index.html]
[www.gessicon.com/imprimirfichapropiedadc980.html]
[www.gessicon.com/imprimirfichapropiedadfbe7.html]
[www.gessicon.com/imprimirfichapropiedad2413.html]
[www.gessicon.com/imprimirfichapropiedad0a82.html]
[www.gessicon.com/imprimirfichapropiedad715b.html]
[www.gessicon.com/imprimirfichapropiedad60a3.html]
[www.gessicon.com/imprimirfichapropiedad79dd.html]
[www.gessicon.com/imprimirfichapropiedad5034.html]
[www.gessicon.com/imprimirfichapropiedad71f1.html]
[www.gessicon.com/modulos/__ajx/buscador/buscadorMapa.html]
[www.gessicon.com/modulos/__ajx/buscador/buscadorMapaPopup.html]
